<?xml version="1.0" encoding="UTF-8"?>
<testsuite name="com.josenaves.algorithms.MissingIntegerTest" tests="13" skipped="0" failures="0" errors="0" timestamp="2015-11-10T01:04:58" hostname="hellbata" time="0.01">
  <properties/>
  <testcase name="testSample2" classname="com.josenaves.algorithms.MissingIntegerTest" time="0.002"/>
  <testcase name="testSample3" classname="com.josenaves.algorithms.MissingIntegerTest" time="0.001"/>
  <testcase name="testAllNegative" classname="com.josenaves.algorithms.MissingIntegerTest" time="0.0"/>
  <testcase name="testTwoNumbersFirst" classname="com.josenaves.algorithms.MissingIntegerTest" time="0.001"/>
  <testcase name="testTwoNumbersTwo" classname="com.josenaves.algorithms.MissingIntegerTest" time="0.0"/>
  <testcase name="testTwoNumbersThree" classname="com.josenaves.algorithms.MissingIntegerTest" time="0.002"/>
  <testcase name="testOneNumberTwo" classname="com.josenaves.algorithms.MissingIntegerTest" time="0.0"/>
  <testcase name="testSample" classname="com.josenaves.algorithms.MissingIntegerTest" time="0.0"/>
  <testcase name="testOneNumberOne" classname="com.josenaves.algorithms.MissingIntegerTest" time="0.001"/>
  <testcase name="testSeveralNumbers" classname="com.josenaves.algorithms.MissingIntegerTest" time="0.0"/>
  <testcase name="testOneNumberMin" classname="com.josenaves.algorithms.MissingIntegerTest" time="0.0"/>
  <testcase name="testOneNumberMax" classname="com.josenaves.algorithms.MissingIntegerTest" time="0.001"/>
  <testcase name="testExtremes" classname="com.josenaves.algorithms.MissingIntegerTest" time="0.0"/>
  <system-out><![CDATA[min [1] max [10] presence.size [10]
min [2] max [6] presence.size [4]
min [2147483647] max [-2147483648] presence.size [0]
min [2] max [3] presence.size [2]
min [1] max [5] presence.size [2]
min [1] max [2] presence.size [2]
min [1] max [1] presence.size [1]
min [1] max [6] presence.size [5]
min [2] max [2] presence.size [1]
min [1] max [8] presence.size [8]
min [2147483647] max [-2147483648] presence.size [0]
min [2147483647] max [2147483647] presence.size [1]
min [2147483647] max [2147483647] presence.size [1]
]]></system-out>
  <system-err><![CDATA[]]></system-err>
</testsuite>
